TN:
SF:/Users/antonella/alchemy/career-track/lab-09/e2e/db.js
FN:4,(anonymous_0)
FN:6,(anonymous_1)
FNF:2
FNH:2
FNDA:2,(anonymous_0)
FNDA:1,(anonymous_1)
DA:1,1
DA:3,1
DA:5,2
DA:7,1
LF:4
LH:4
BRDA:7,0,0,0
BRDA:7,0,1,1
BRF:2
BRH:1
end_of_record
TN:
SF:/Users/antonella/alchemy/career-track/lab-09/e2e/request.js
FNF:0
FNH:0
DA:1,1
DA:2,1
DA:4,1
LF:3
LH:3
BRF:0
BRH:0
end_of_record
TN:
SF:/Users/antonella/alchemy/career-track/lab-09/lib/app.js
FN:17,(anonymous_0)
FNF:1
FNH:0
FNDA:0,(anonymous_0)
DA:1,1
DA:2,1
DA:4,1
DA:7,1
DA:8,1
DA:9,1
DA:11,1
DA:13,1
DA:14,1
DA:17,1
DA:20,1
DA:21,1
DA:24,1
DA:25,1
DA:26,1
DA:27,1
DA:30,1
DA:31,1
DA:33,1
LF:19
LH:19
BRF:0
BRH:0
end_of_record
TN:
SF:/Users/antonella/alchemy/career-track/lab-09/lib/connect.js
FN:5,(anonymous_0)
FN:6,(anonymous_1)
FN:11,(anonymous_2)
FN:18,(anonymous_3)
FN:28,(anonymous_4)
FN:29,(anonymous_5)
FNF:6
FNH:1
FNDA:0,(anonymous_0)
FNDA:0,(anonymous_1)
FNDA:0,(anonymous_2)
FNDA:1,(anonymous_3)
FNDA:0,(anonymous_4)
FNDA:0,(anonymous_5)
DA:2,1
DA:3,1
DA:5,1
DA:6,0
DA:7,0
DA:11,1
DA:12,0
DA:13,0
DA:15,0
DA:18,1
DA:20,1
DA:21,0
DA:23,0
DA:24,0
DA:25,0
DA:28,1
DA:29,0
DA:30,0
DA:31,0
DA:35,1
LF:20
LH:8
BRDA:13,0,0,0
BRDA:13,0,1,0
BRDA:18,1,0,0
BRDA:20,2,0,0
BRDA:20,2,1,1
BRF:5
BRH:1
end_of_record
TN:
SF:/Users/antonella/alchemy/career-track/lab-09/lib/middleware/api-404.js
FN:1,(anonymous_0)
FNF:1
FNH:0
FNDA:0,(anonymous_0)
DA:1,1
DA:2,0
LF:2
LH:1
BRF:0
BRH:0
end_of_record
TN:
SF:/Users/antonella/alchemy/career-track/lab-09/lib/middleware/check-connection.js
FN:4,(anonymous_0)
FN:4,(anonymous_1)
FNF:2
FNH:2
FNDA:1,(anonymous_0)
FNDA:5,(anonymous_1)
DA:1,1
DA:2,1
DA:4,1
DA:5,5
DA:6,0
DA:11,5
LF:6
LH:5
BRDA:5,0,0,0
BRDA:5,0,1,5
BRF:2
BRH:1
end_of_record
TN:
SF:/Users/antonella/alchemy/career-track/lab-09/lib/middleware/error-handler.js
FN:4,(anonymous_0)
FNF:1
FNH:0
FNDA:0,(anonymous_0)
DA:4,1
DA:5,0
DA:6,0
DA:9,0
DA:10,0
DA:11,0
DA:14,0
DA:18,0
DA:19,0
DA:24,0
DA:28,0
DA:30,0
LF:12
LH:1
BRDA:9,0,0,0
BRDA:9,0,1,0
BRDA:9,1,0,0
BRDA:9,1,1,0
BRDA:14,2,0,0
BRDA:14,2,1,0
BRF:6
BRH:0
end_of_record
TN:
SF:/Users/antonella/alchemy/career-track/lab-09/lib/middleware/html-404.js
FN:1,(anonymous_0)
FNF:1
FNH:0
FNDA:0,(anonymous_0)
DA:1,1
DA:2,0
LF:2
LH:1
BRF:0
BRH:0
end_of_record
TN:
SF:/Users/antonella/alchemy/career-track/lab-09/lib/models/register-plugins.js
FN:8,(anonymous_0)
FN:9,(anonymous_1)
FN:14,(anonymous_2)
FN:15,(anonymous_3)
FN:20,(anonymous_4)
FN:21,(anonymous_5)
FN:24,(anonymous_6)
FNF:7
FNH:3
FNDA:2,(anonymous_0)
FNDA:0,(anonymous_1)
FNDA:2,(anonymous_2)
FNDA:0,(anonymous_3)
FNDA:2,(anonymous_4)
FNDA:0,(anonymous_5)
FNDA:0,(anonymous_6)
DA:1,1
DA:3,1
DA:8,1
DA:9,2
DA:10,0
DA:14,1
DA:15,2
DA:16,0
DA:20,1
DA:21,2
DA:22,0
DA:24,0
DA:28,1
DA:29,1
DA:30,1
LF:15
LH:11
BRF:0
BRH:0
end_of_record
TN:
SF:/Users/antonella/alchemy/career-track/lab-09/lib/models/required-types.js
FNF:0
FNH:0
DA:1,1
DA:6,1
DA:11,1
DA:16,1
LF:4
LH:4
BRF:0
BRH:0
end_of_record
TN:
SF:/Users/antonella/alchemy/career-track/lab-09/lib/models/tour.js
FN:13,(anonymous_0)
FN:32,(anonymous_1)
FN:41,(anonymous_2)
FN:44,(anonymous_3)
FN:50,(anonymous_4)
FN:53,(anonymous_5)
FN:62,(anonymous_6)
FNF:7
FNH:0
FNDA:0,(anonymous_0)
FNDA:0,(anonymous_1)
FNDA:0,(anonymous_2)
FNDA:0,(anonymous_3)
FNDA:0,(anonymous_4)
FNDA:0,(anonymous_5)
FNDA:0,(anonymous_6)
DA:1,1
DA:2,1
DA:3,1
DA:5,1
DA:13,0
DA:31,1
DA:33,0
DA:41,0
DA:45,0
DA:50,0
DA:54,0
DA:62,0
DA:66,1
LF:13
LH:6
BRF:0
BRH:0
end_of_record
TN:
SF:/Users/antonella/alchemy/career-track/lab-09/lib/routes/tours.js
FN:8,(anonymous_0)
FN:10,(anonymous_1)
FN:14,(anonymous_2)
FN:17,(anonymous_3)
FNF:4
FNH:4
FNDA:4,(anonymous_0)
FNDA:4,(anonymous_1)
FNDA:1,(anonymous_2)
FNDA:1,(anonymous_3)
DA:2,1
DA:3,1
DA:7,1
DA:9,4
DA:10,4
DA:15,1
DA:17,1
DA:21,1
LF:8
LH:8
BRF:0
BRH:0
end_of_record
TN:
SF:/Users/antonella/alchemy/career-track/lab-09/lib/services/maps-api.js
FN:9,getLocation
FN:17,(anonymous_1)
FN:24,toLocation
FNF:3
FNH:0
FNDA:0,getLocation
FNDA:0,(anonymous_1)
FNDA:0,toLocation
DA:1,1
DA:5,1
DA:6,1
DA:9,1
DA:13,0
DA:18,0
DA:25,0
DA:26,0
DA:28,0
LF:9
LH:4
BRF:0
BRH:0
end_of_record
TN:
SF:/Users/antonella/alchemy/career-track/lab-09/lib/services/weather-api.js
FN:6,getForecast
FN:11,(anonymous_1)
FN:16,formatForecast
FN:21,formatDay
FNF:4
FNH:0
FNDA:0,getForecast
FNDA:0,(anonymous_1)
FNDA:0,formatForecast
FNDA:0,formatDay
DA:1,1
DA:3,1
DA:4,1
DA:6,1
DA:7,0
DA:9,0
DA:12,0
DA:17,0
DA:18,0
DA:22,0
LF:10
LH:4
BRF:0
BRH:0
end_of_record
